

Version:	3.8
CmdLine:	D:\Kyaw Swar Thwin\Products\Samsung Hacker Toolkit\Samsung Hacker Toolkit.exe --l4j-debug
WOW64:		yes
Working dir:	D:\Kyaw Swar Thwin\Products\Samsung Hacker Toolkit\.
64-bit search:	SOFTWARE\JavaSoft\Java Runtime Environment...
Check:		SOFTWARE\JavaSoft\Java Runtime Environment\1.7
Ignore:		1.7
Check:		SOFTWARE\JavaSoft\Java Runtime Environment\1.7.0_79
Check launcher:	C:\Program Files\Java\jre7\bin\javaw.exe (OK)
Match:		1.7.0_79
64-bit search:	SOFTWARE\JavaSoft\Java Development Kit...
Check:		SOFTWARE\JavaSoft\Java Development Kit\1.7
Ignore:		1.7
Check:		SOFTWARE\JavaSoft\Java Development Kit\1.7.0_79
Ignore:		1.7.0_79
Runtime used:	1.7.0_79 (64-bit)
Launcher:	C:\Program Files\Java\jre7\bin\javaw.exe
Launcher args:	-jar "D:\Kyaw Swar Thwin\Products\Samsung Hacker Toolkit\Samsung Hacker Toolkit.exe"
Args length:	84/32768 chars
Exit code:	0


Version:	3.8
CmdLine:	D:\Kyaw Swar Thwin\Products\Samsung Hacker Toolkit\Samsung Hacker Toolkit.exe --l4j-debug
WOW64:		yes
Working dir:	D:\Kyaw Swar Thwin\Products\Samsung Hacker Toolkit\.
64-bit search:	SOFTWARE\JavaSoft\Java Runtime Environment...
Check:		SOFTWARE\JavaSoft\Java Runtime Environment\1.7
Ignore:		1.7
Check:		SOFTWARE\JavaSoft\Java Runtime Environment\1.7.0_79
Check launcher:	C:\Program Files\Java\jre7\bin\javaw.exe (OK)
Match:		1.7.0_79
64-bit search:	SOFTWARE\JavaSoft\Java Development Kit...
Check:		SOFTWARE\JavaSoft\Java Development Kit\1.7
Ignore:		1.7
Check:		SOFTWARE\JavaSoft\Java Development Kit\1.7.0_79
Ignore:		1.7.0_79
Runtime used:	1.7.0_79 (64-bit)
Launcher:	C:\Program Files\Java\jre7\bin\javaw.exe
Launcher args:	-jar "D:\Kyaw Swar Thwin\Products\Samsung Hacker Toolkit\Samsung Hacker Toolkit.exe"
Args length:	84/32768 chars
Exit code:	0


Version:	3.8
CmdLine:	D:\Kyaw Swar Thwin\Products\Samsung Hacker Toolkit\Samsung Hacker Toolkit.exe --l4j-debug
WOW64:		yes
Working dir:	D:\Kyaw Swar Thwin\Products\Samsung Hacker Toolkit\.
64-bit search:	SOFTWARE\JavaSoft\Java Runtime Environment...
Check:		SOFTWARE\JavaSoft\Java Runtime Environment\1.7
Ignore:		1.7
Check:		SOFTWARE\JavaSoft\Java Runtime Environment\1.7.0_79
Check launcher:	C:\Program Files\Java\jre7\bin\javaw.exe (OK)
Match:		1.7.0_79
64-bit search:	SOFTWARE\JavaSoft\Java Development Kit...
Check:		SOFTWARE\JavaSoft\Java Development Kit\1.7
Ignore:		1.7
Check:		SOFTWARE\JavaSoft\Java Development Kit\1.7.0_79
Ignore:		1.7.0_79
Runtime used:	1.7.0_79 (64-bit)
Launcher:	C:\Program Files\Java\jre7\bin\javaw.exe
Launcher args:	-jar "D:\Kyaw Swar Thwin\Products\Samsung Hacker Toolkit\Samsung Hacker Toolkit.exe"
Args length:	84/32768 chars
Exit code:	0
